<?xml version="1.0" encoding="UTF-8"?>
<!-- Generated by org.testng.reporters.JUnitReportReporter -->
<testsuite skipped="0" hostname="DESKTOP-A2HUG71" name="com.mytests.LoginTest" tests="6" failures="0" timestamp="28 Mar 2020 13:35:20 GMT" time="249.466" errors="0">
  <testcase name="verifyLoginPageTitleTest" time="33.329" classname="com.mytests.LoginTest"/>
  <testcase name="verifyLoginPageTitleTest" time="33.277" classname="com.mytests.LoginTest"/>
  <testcase name="verifyLoginPageHeaderTest" time="39.860" classname="com.mytests.LoginTest"/>
  <testcase name="verifyLoginPageHeaderTest" time="26.168" classname="com.mytests.LoginTest"/>
  <testcase name="doLoginTest" time="63.627" classname="com.mytests.LoginTest"/>
  <testcase name="doLoginTest" time="53.205" classname="com.mytests.LoginTest"/>
</testsuite> <!-- com.mytests.LoginTest -->
